-------------------------------------------------------------------------------
Test set: TestSuite
-------------------------------------------------------------------------------
Tests run: 6, Failures: 1, Errors: 0, Skipped: 0, Time elapsed: 107.147 s <<< FAILURE! - in TestSuite
exploreNow(com.atmecsautomation.testscripts.ExploreNowScripts)  Time elapsed: 6.008 s  <<< FAILURE!
java.lang.AssertionError: Redirection of page is unsuccesful expected [Services | Atmecs, Inc. | Digital Solutions & Product Engineering Services] but found [Home | Atmecs, Inc. | Digital Solutions & Product Engineering Services]
	at com.atmecsautomation.testscripts.ExploreNowScripts.exploreNow(ExploreNowScripts.java:22)

