<?xml version="1.0" encoding="UTF-8"?>
<!-- Generated by org.testng.reporters.JUnitXMLReporter -->
<testsuite hostname="ATMECSINLT-087" ignored="0" name="ExploreNowTest" tests="2" failures="0" timestamp="03 Oct 2019 13:10:34 GMT" time="40.841" errors="0">
  <testcase name="homePageRedirection" time="0.151" classname="com.atmecsautomation.testscripts.ExploreNowScripts"/>
  <testcase name="exploreNow" time="10.87" classname="com.atmecsautomation.testscripts.ExploreNowScripts"/>
</testsuite> <!-- ExploreNowTest -->
