<?xml version="1.0" encoding="UTF-8"?>
<!-- Generated by org.testng.reporters.JUnitXMLReporter -->
<testsuite hostname="ATMECSINLT-087" ignored="0" name="MoreInfoTest" tests="5" failures="0" timestamp="03 Oct 2019 13:11:24 GMT" time="49.318" errors="0">
  <testcase name="moreInfo" time="5.756" classname="com.atmecsautomation.testscripts.MoreInfoScripts"/>
  <testcase name="moreInfo" time="6.115" classname="com.atmecsautomation.testscripts.MoreInfoScripts"/>
  <testcase name="moreInfo" time="4.971" classname="com.atmecsautomation.testscripts.MoreInfoScripts"/>
  <testcase name="moreInfo" time="4.839" classname="com.atmecsautomation.testscripts.MoreInfoScripts"/>
  <testcase name="moreInfo" time="5.133" classname="com.atmecsautomation.testscripts.MoreInfoScripts"/>
</testsuite> <!-- MoreInfoTest -->
