<?xml version="1.0" encoding="UTF-8"?>
<!-- Generated by org.testng.reporters.JUnitXMLReporter -->
<testsuite hostname="ATMECSINLT-087" ignored="0" name="ExploreNowTest" tests="2" failures="0" timestamp="03 Oct 2019 13:25:56 GMT" time="74.896" errors="0">
  <testcase name="@BeforeTest intitailizeBrowser" time="56.7" classname="com.atmecsautomation.testbase.TestBase">
    <failure type="org.openqa.selenium.SessionNotCreatedException" message="session not created
from disconnected: received Inspector.detached event
  (Session info: chrome=77.0.3865.90)
Build info: version: &amp;apos;3.141.59&amp;apos;, revision: &amp;apos;e82be7d358&amp;apos;, time: &amp;apos;2018-11-14T08:17:03&amp;apos;
System info: host: &amp;apos;ATMECSINLT-087&amp;apos;, ip: &amp;apos;55.55.52.203&amp;apos;, os.name: &amp;apos;Windows 10&amp;apos;, os.arch: &amp;apos;amd64&amp;apos;, os.version: &amp;apos;10.0&amp;apos;, java.version: &amp;apos;1.8.0_221&amp;apos;
Driver info: driver.version: ChromeDriver
remote stacktrace: Backtrace:
	Ordinal0 [0x00C17C53+1473619]
	Ordinal0 [0x00B9AD71+961905]
	Ordinal0 [0x00B242B3+475827]
	Ordinal0 [0x00B1CAA9+445097]
	Ordinal0 [0x00B1C698+444056]
	Ordinal0 [0x00B1C411+443409]
	Ordinal0 [0x00B1BA5C+440924]
	Ordinal0 [0x00B1B5F4+439796]
	Ordinal0 [0x00B1B5B5+439733]
	Ordinal0 [0x00B22B15+469781]
	Ordinal0 [0x00B1B56C+439660]
	Ordinal0 [0x00B1C0C5+442565]
	Ordinal0 [0x00B1BA5C+440924]
	Ordinal0 [0x00B1B5F4+439796]
	Ordinal0 [0x00B1B5B5+439733]
	Ordinal0 [0x00B2146E+463982]
	Ordinal0 [0x00B1B56C+439660]
	Ordinal0 [0x00B1C0C5+442565]
	Ordinal0 [0x00B1BA5C+440924]
	Ordinal0 [0x00B1B5F4+439796]
	Ordinal0 [0x00B1B5B5+439733]
	Ordinal0 [0x00B1FC6B+457835]
	Ordinal0 [0x00B1B56C+439660]
	Ordinal0 [0x00B1C0C5+442565]
	Ordinal0 [0x00B1BA5C+440924]
	Ordinal0 [0x00B1B5F4+439796]
	Ordinal0 [0x00B1B5B5+439733]
	Ordinal0 [0x00B1F457+455767]
	Ordinal0 [0x00B1B56C+439660]
	Ordinal0 [0x00B1C0C5+442565]
	Ordinal0 [0x00B1BA5C+440924]
	Ordinal0 [0x00B1B5F4+439796]
	Ordinal0 [0x00B1B5B5+439733]
	Ordinal0 [0x00B1824C+426572]
	Ordinal0 [0x00B1B56C+439660]
	Ordinal0 [0x00B1B454+439380]
	Ordinal0 [0x00B24F10+478992]
	Ordinal0 [0x00AD98FE+170238]
	Ordinal0 [0x00AD8D1D+167197]
	Ordinal0 [0x00AD742B+160811]
	Ordinal0 [0x00AC0AE6+68326]
	Ordinal0 [0x00AC1BF0+72688]
	Ordinal0 [0x00AC1B89+72585]
	Ordinal0 [0x00BB4B37+1067831]
	GetHandleVerifier [0x00CB6845+506677]
	GetHandleVerifier [0x00CB65E0+506064]
	GetHandleVerifier [0x00CBD188+533624]
	GetHandleVerifier [0x00CB701A+508682]
	Ordinal0 [0x00BAC226+1032742]
	Ordinal0 [0x00BAC09F+1032351]
	Ordinal0 [0x00BB6A4B+1075787]
	Ordinal0 [0x00BB6BB3+1076147]
	Ordinal0 [0x00BB5B65+1071973]
	BaseThreadInitThunk [0x762060C9+25]
	RtlGetAppContainerNamedObjectPath [0x772A7A94+228]
	RtlGetAppContainerNamedObjectPath [0x772A7A64+180]
">
      <![CDATA[org.openqa.selenium.SessionNotCreatedException: session not created
from disconnected: received Inspector.detached event
  (Session info: chrome=77.0.3865.90)
Build info: version: '3.141.59', revision: 'e82be7d358', time: '2018-11-14T08:17:03'
System info: host: 'ATMECSINLT-087', ip: '55.55.52.203', os.name: 'Windows 10', os.arch: 'amd64', os.version: '10.0', java.version: '1.8.0_221'
Driver info: driver.version: ChromeDriver
remote stacktrace: Backtrace:
Ordinal0 [0x00C17C53+1473619]
Ordinal0 [0x00B9AD71+961905]
Ordinal0 [0x00B242B3+475827]
Ordinal0 [0x00B1CAA9+445097]
Ordinal0 [0x00B1C698+444056]
Ordinal0 [0x00B1C411+443409]
Ordinal0 [0x00B1BA5C+440924]
Ordinal0 [0x00B1B5F4+439796]
Ordinal0 [0x00B1B5B5+439733]
Ordinal0 [0x00B22B15+469781]
Ordinal0 [0x00B1B56C+439660]
Ordinal0 [0x00B1C0C5+442565]
Ordinal0 [0x00B1BA5C+440924]
Ordinal0 [0x00B1B5F4+439796]
Ordinal0 [0x00B1B5B5+439733]
Ordinal0 [0x00B2146E+463982]
Ordinal0 [0x00B1B56C+439660]
Ordinal0 [0x00B1C0C5+442565]
Ordinal0 [0x00B1BA5C+440924]
Ordinal0 [0x00B1B5F4+439796]
Ordinal0 [0x00B1B5B5+439733]
Ordinal0 [0x00B1FC6B+457835]
Ordinal0 [0x00B1B56C+439660]
Ordinal0 [0x00B1C0C5+442565]
Ordinal0 [0x00B1BA5C+440924]
Ordinal0 [0x00B1B5F4+439796]
Ordinal0 [0x00B1B5B5+439733]
Ordinal0 [0x00B1F457+455767]
Ordinal0 [0x00B1B56C+439660]
Ordinal0 [0x00B1C0C5+442565]
Ordinal0 [0x00B1BA5C+440924]
Ordinal0 [0x00B1B5F4+439796]
Ordinal0 [0x00B1B5B5+439733]
Ordinal0 [0x00B1824C+426572]
Ordinal0 [0x00B1B56C+439660]
Ordinal0 [0x00B1B454+439380]
Ordinal0 [0x00B24F10+478992]
Ordinal0 [0x00AD98FE+170238]
Ordinal0 [0x00AD8D1D+167197]
Ordinal0 [0x00AD742B+160811]
Ordinal0 [0x00AC0AE6+68326]
Ordinal0 [0x00AC1BF0+72688]
Ordinal0 [0x00AC1B89+72585]
Ordinal0 [0x00BB4B37+1067831]
GetHandleVerifier [0x00CB6845+506677]
GetHandleVerifier [0x00CB65E0+506064]
GetHandleVerifier [0x00CBD188+533624]
GetHandleVerifier [0x00CB701A+508682]
Ordinal0 [0x00BAC226+1032742]
Ordinal0 [0x00BAC09F+1032351]
Ordinal0 [0x00BB6A4B+1075787]
Ordinal0 [0x00BB6BB3+1076147]
Ordinal0 [0x00BB5B65+1071973]
BaseThreadInitThunk [0x762060C9+25]
RtlGetAppContainerNamedObjectPath [0x772A7A94+228]
RtlGetAppContainerNamedObjectPath [0x772A7A64+180]

at org.openqa.selenium.remote.W3CHandshakeResponse.lambda$errorHandler$0(W3CHandshakeResponse.java:62)
at org.openqa.selenium.remote.HandshakeResponse.lambda$getResponseFunction$0(HandshakeResponse.java:30)
at org.openqa.selenium.remote.ProtocolHandshake.lambda$createSession$0(ProtocolHandshake.java:126)
at java.util.stream.ReferencePipeline$3$1.accept(ReferencePipeline.java:193)
at java.util.Spliterators$ArraySpliterator.tryAdvance(Spliterators.java:958)
at java.util.stream.ReferencePipeline.forEachWithCancel(ReferencePipeline.java:126)
at java.util.stream.AbstractPipeline.copyIntoWithCancel(AbstractPipeline.java:499)
at java.util.stream.AbstractPipeline.copyInto(AbstractPipeline.java:486)
at java.util.stream.AbstractPipeline.wrapAndCopyInto(AbstractPipeline.java:472)
at java.util.stream.FindOps$FindOp.evaluateSequential(FindOps.java:152)
at java.util.stream.AbstractPipeline.evaluate(AbstractPipeline.java:234)
at java.util.stream.ReferencePipeline.findFirst(ReferencePipeline.java:464)
at org.openqa.selenium.remote.ProtocolHandshake.createSession(ProtocolHandshake.java:128)
at org.openqa.selenium.remote.ProtocolHandshake.createSession(ProtocolHandshake.java:74)
at org.openqa.selenium.remote.HttpCommandExecutor.execute(HttpCommandExecutor.java:136)
at org.openqa.selenium.remote.service.DriverCommandExecutor.execute(DriverCommandExecutor.java:83)
at org.openqa.selenium.remote.RemoteWebDriver.execute(RemoteWebDriver.java:552)
at org.openqa.selenium.remote.RemoteWebDriver.startSession(RemoteWebDriver.java:213)
at org.openqa.selenium.remote.RemoteWebDriver.<init>(RemoteWebDriver.java:131)
at org.openqa.selenium.chrome.ChromeDriver.<init>(ChromeDriver.java:181)
at org.openqa.selenium.chrome.ChromeDriver.<init>(ChromeDriver.java:168)
at org.openqa.selenium.chrome.ChromeDriver.<init>(ChromeDriver.java:123)
at com.atmecsautomation.testbase.TestBase.intitailizeBrowser(TestBase.java:52)
... Removed 32 stack frames]]>
    </failure>
  </testcase> <!-- @BeforeTest intitailizeBrowser -->
  <testcase name="@AfterMethod tearDown" time="0.0" classname="com.atmecsautomation.extentreports.ExtentReport">
    <skipped/>
  </testcase> <!-- @AfterMethod tearDown -->
  <testcase name="@AfterMethod tearDown" time="0.0" classname="com.atmecsautomation.extentreports.ExtentReport">
    <skipped/>
  </testcase> <!-- @AfterMethod tearDown -->
  <testcase name="@AfterTest closeDriver" time="0.0" classname="com.atmecsautomation.extentreports.ExtentReport">
    <skipped/>
  </testcase> <!-- @AfterTest closeDriver -->
  <testcase name="homePageRedirection" time="0.0" classname="com.atmecsautomation.testscripts.ExploreNowScripts">
    <skipped/>
  </testcase> <!-- homePageRedirection -->
  <testcase name="exploreNow" time="0.0" classname="com.atmecsautomation.testscripts.ExploreNowScripts">
    <skipped/>
  </testcase> <!-- exploreNow -->
</testsuite> <!-- ExploreNowTest -->
