<?xml version="1.0" encoding="UTF-8"?>
<!-- Generated by org.testng.reporters.JUnitXMLReporter -->
<testsuite hostname="ATMECSINLT-087" ignored="0" name="MoreInfoTest" tests="5" failures="0" timestamp="03 Oct 2019 09:49:53 GMT" time="65.174" errors="0">
  <testcase name="moreInfo" time="5.87" classname="com.atmecsautomation.testscripts.MoreInfoScripts"/>
  <testcase name="moreInfo" time="5.448" classname="com.atmecsautomation.testscripts.MoreInfoScripts"/>
  <testcase name="moreInfo" time="5.538" classname="com.atmecsautomation.testscripts.MoreInfoScripts"/>
  <testcase name="moreInfo" time="5.633" classname="com.atmecsautomation.testscripts.MoreInfoScripts"/>
  <testcase name="moreInfo" time="24.452" classname="com.atmecsautomation.testscripts.MoreInfoScripts"/>
</testsuite> <!-- MoreInfoTest -->
