<?xml version="1.0" encoding="UTF-8"?>
<!-- Generated by org.testng.reporters.JUnitXMLReporter -->
<testsuite hostname="ATMECSINLT-087" ignored="4" name="Test" tests="6" failures="0" timestamp="03 Oct 2019 09:17:11 GMT" time="23.74" errors="0">
  <testcase name="@AfterMethod tearDown" time="0.015" classname="com.atmecsautomation.extentreports.ExtentReport">
    <failure type="java.lang.NullPointerException">
      <![CDATA[java.lang.NullPointerException
at com.atmecsautomation.extentreports.ExtentReport.tearDown(ExtentReport.java:80)
... Removed 32 stack frames]]>
    </failure>
  </testcase> <!-- @AfterMethod tearDown -->
  <testcase name="@AfterMethod tearDown" time="0.0" classname="com.atmecsautomation.extentreports.ExtentReport">
    <failure type="java.lang.NullPointerException">
      <![CDATA[java.lang.NullPointerException
at com.atmecsautomation.extentreports.ExtentReport.tearDown(ExtentReport.java:80)
... Removed 32 stack frames]]>
    </failure>
  </testcase> <!-- @AfterMethod tearDown -->
  <testcase name="@AfterMethod tearDown" time="0.0" classname="com.atmecsautomation.extentreports.ExtentReport">
    <skipped/>
  </testcase> <!-- @AfterMethod tearDown -->
  <testcase name="@AfterMethod tearDown" time="0.0" classname="com.atmecsautomation.extentreports.ExtentReport">
    <skipped/>
  </testcase> <!-- @AfterMethod tearDown -->
  <testcase name="@AfterMethod tearDown" time="0.0" classname="com.atmecsautomation.extentreports.ExtentReport">
    <skipped/>
  </testcase> <!-- @AfterMethod tearDown -->
  <testcase name="@AfterMethod tearDown" time="0.0" classname="com.atmecsautomation.extentreports.ExtentReport">
    <skipped/>
  </testcase> <!-- @AfterMethod tearDown -->
  <testcase name="exploreNow" time="7.353" classname="com.atmecsautomation.testscripts.ExploreNowScripts"/>
  <testcase name="moreInfo" time="8.469" classname="com.atmecsautomation.testscripts.MoreInfoScripts"/>
  <testcase name="moreInfo" time="0.0" classname="com.atmecsautomation.testscripts.MoreInfoScripts">
    <skipped/>
  </testcase> <!-- moreInfo -->
  <testcase name="moreInfo" time="0.0" classname="com.atmecsautomation.testscripts.MoreInfoScripts">
    <skipped/>
  </testcase> <!-- moreInfo -->
  <testcase name="moreInfo" time="0.0" classname="com.atmecsautomation.testscripts.MoreInfoScripts">
    <skipped/>
  </testcase> <!-- moreInfo -->
  <testcase name="moreInfo" time="0.0" classname="com.atmecsautomation.testscripts.MoreInfoScripts">
    <skipped/>
  </testcase> <!-- moreInfo -->
  <testcase name="@BeforeTest intitailizeBrowser" time="0.0" classname="com.atmecsautomation.testbase.TestBase">
    <ignored/>
  </testcase> <!-- @BeforeTest intitailizeBrowser -->
  <testcase name="@AfterTest closeDriver" time="0.0" classname="com.atmecsautomation.extentreports.ExtentReport">
    <ignored/>
  </testcase> <!-- @AfterTest closeDriver -->
  <testcase name="@BeforeSuite startReport" time="0.0" classname="com.atmecsautomation.extentreports.ExtentReport">
    <ignored/>
  </testcase> <!-- @BeforeSuite startReport -->
  <testcase name="@AfterSuite endReport" time="0.0" classname="com.atmecsautomation.extentreports.ExtentReport">
    <ignored/>
  </testcase> <!-- @AfterSuite endReport -->
</testsuite> <!-- Test -->
