<?xml version="1.0" encoding="UTF-8"?>
<!-- Generated by org.testng.reporters.JUnitXMLReporter -->
<testsuite hostname="ATMECSINLT-087" ignored="0" name="Default test" tests="5" failures="0" timestamp="03 Oct 2019 11:38:11 GMT" time="47.141" errors="0">
  <testcase name="moreInfo" time="9.019" classname="com.atmecsautomation.testscripts.MoreInfoScripts"/>
  <testcase name="moreInfo" time="7.205" classname="com.atmecsautomation.testscripts.MoreInfoScripts"/>
  <testcase name="moreInfo" time="7.134" classname="com.atmecsautomation.testscripts.MoreInfoScripts"/>
  <testcase name="moreInfo" time="8.267" classname="com.atmecsautomation.testscripts.MoreInfoScripts"/>
  <testcase name="moreInfo" time="7.149" classname="com.atmecsautomation.testscripts.MoreInfoScripts"/>
</testsuite> <!-- Default test -->
