<?xml version="1.0" encoding="UTF-8"?>
<testsuite xmlns:xsi="http://www.w3.org/2001/XMLSchema-instance" xsi:noNamespaceSchemaLocation="https://maven.apache.org/surefire/maven-surefire-plugin/xsd/surefire-test-report-3.0.xsd" version="3.0" name="TestSuite" time="107.147" tests="6" errors="0" skipped="0" failures="1">
  <properties>
[...]
</properties>
  <testcase name="exploreNow" classname="com.atmecsautomation.testscripts.ExploreNowScripts" time="6.008">
    <failure message="Redirection of page is unsuccesful expected [Services | Atmecs, Inc. | Digital Solutions &amp; Product Engineering Services] but found [Home | Atmecs, Inc. | Digital Solutions &amp; Product Engineering Services]" type="java.lang.AssertionError"><![CDATA[java.lang.AssertionError: Redirection of page is unsuccesful expected [Services | Atmecs, Inc. | Digital Solutions & Product Engineering Services] but found [Home | Atmecs, Inc. | Digital Solutions & Product Engineering Services]
	at com.atmecsautomation.testscripts.ExploreNowScripts.exploreNow(ExploreNowScripts.java:22)
]]></failure>
    <system-out><![CDATA[browser is firefox
]]></system-out>
    <system-err><![CDATA[Oct 03, 2019 3:18:07 PM com.relevantcodes.extentreports.ExtentReports loadConfig
WARNING: Unable to perform report configuration. The file C:\Users\ARJUN.SANTRA\eclipse-workspace\AtmecsMoreInfoAutomation\extent-config.xml was not found.
1570096091235	mozrunner::runner	INFO	Running command: "C:\\Program Files\\Mozilla Firefox\\firefox.exe" "-marionette" "-foreground" "-no-remote" "-profile" "C:\\Users\\ARJUN~1.SAN\\AppData\\Local\\Temp\\rust_mozprofile.PDzAtPMQTrVb"
1570096095537	addons.webextension.screenshots@mozilla.org	WARN	Loading extension 'screenshots@mozilla.org': Reading manifest: Invalid extension permission: mozillaAddons
1570096095538	addons.webextension.screenshots@mozilla.org	WARN	Loading extension 'screenshots@mozilla.org': Reading manifest: Invalid extension permission: telemetry
1570096095538	addons.webextension.screenshots@mozilla.org	WARN	Loading extension 'screenshots@mozilla.org': Reading manifest: Invalid extension permission: resource://pdf.js/
1570096095542	addons.webextension.screenshots@mozilla.org	WARN	Loading extension 'screenshots@mozilla.org': Reading manifest: Invalid extension permission: about:reader*
1570096103465	Marionette	INFO	Listening on port 59928
1570096103556	Marionette	WARN	TLS certificate errors will be ignored for this session
Oct 03, 2019 3:18:23 PM org.openqa.selenium.remote.ProtocolHandshake createSession
INFO: Detected dialect: W3C
JavaScript error: http://www.atmecs.com/, line 569: TypeError: clock is null
console.error: BroadcastService: 
  receivedBroadcastMessage: handler for
  remote-settings/monitor_changes
  threw error:
  Message: Error: Polling for changes failed: http://%(server)s/dummy/blocklist//buckets/monitor/collections/changes/records?_expected=%221570060812407%22 is not a valid URL..
  Stack:
    remoteSettingsFunction/remoteSettings.pollChanges@resource://services-settings/remote-settings.js:201:13

]]></system-err>
  </testcase>
  <testcase name="moreInfo" classname="com.atmecsautomation.testscripts.MoreInfoScripts" time="5.867"/>
  <testcase name="moreInfo" classname="com.atmecsautomation.testscripts.MoreInfoScripts" time="5.448"/>
  <testcase name="moreInfo" classname="com.atmecsautomation.testscripts.MoreInfoScripts" time="5.538"/>
  <testcase name="moreInfo" classname="com.atmecsautomation.testscripts.MoreInfoScripts" time="5.633"/>
  <testcase name="moreInfo" classname="com.atmecsautomation.testscripts.MoreInfoScripts" time="24.452"/>
</testsuite>