<?xml version="1.0" encoding="UTF-8"?>
<testng-results skipped="0" failed="1" ignored="0" total="6" passed="5">
  <reporter-output>
  </reporter-output>
  <suite name="Suite" duration-ms="105198" started-at="2019-10-03T09:48:07Z" finished-at="2019-10-03T09:49:53Z">
    <groups>
    </groups>
    <test name="ExploreNowTest" duration-ms="39999" started-at="2019-10-03T09:48:07Z" finished-at="2019-10-03T09:48:47Z">
      <class name="com.atmecsautomation.testscripts.ExploreNowScripts">
        <test-method status="PASS" signature="intitailizeBrowser()[pri:0, instance:com.atmecsautomation.testscripts.ExploreNowScripts@9f70c54]" name="intitailizeBrowser" is-config="true" duration-ms="24336" started-at="2019-10-03T09:48:07Z" finished-at="2019-10-03T09:48:32Z">
          <reporter-output>
          </reporter-output>
        </test-method> <!-- intitailizeBrowser -->
        <test-method status="FAIL" signature="exploreNow(java.lang.String, java.lang.String)[pri:1, instance:com.atmecsautomation.testscripts.ExploreNowScripts@9f70c54]" name="exploreNow" duration-ms="5836" started-at="2019-10-03T09:48:33Z" data-provider="explorenow" finished-at="2019-10-03T09:48:39Z">
          <params>
            <param index="0">
              <value>
                <![CDATA[Services | Atmecs, Inc. | Digital Solutions & Product Engineering Services]]>
              </value>
            </param>
            <param index="1">
              <value>
                <![CDATA[Home › Services]]>
              </value>
            </param>
          </params>
          <exception class="java.lang.AssertionError">
            <message>
              <![CDATA[Redirection of page is unsuccesful expected [Services | Atmecs, Inc. | Digital Solutions & Product Engineering Services] but found [Home | Atmecs, Inc. | Digital Solutions & Product Engineering Services]]]>
            </message>
            <full-stacktrace>
              <![CDATA[java.lang.AssertionError: Redirection of page is unsuccesful expected [Services | Atmecs, Inc. | Digital Solutions & Product Engineering Services] but found [Home | Atmecs, Inc. | Digital Solutions & Product Engineering Services]
at org.testng.Assert.fail(Assert.java:96)
at org.testng.Assert.failNotEquals(Assert.java:776)
at org.testng.Assert.assertEqualsImpl(Assert.java:137)
at org.testng.Assert.assertEquals(Assert.java:118)
at org.testng.Assert.assertEquals(Assert.java:453)
at com.atmecsautomation.pages.MoreInfoValidation.redirectionPageValidation(MoreInfoValidation.java:29)
at com.atmecsautomation.testscripts.ExploreNowScripts.exploreNow(ExploreNowScripts.java:22)
at sun.reflect.NativeMethodAccessorImpl.invoke0(Native Method)
at sun.reflect.NativeMethodAccessorImpl.invoke(NativeMethodAccessorImpl.java:62)
at sun.reflect.DelegatingMethodAccessorImpl.invoke(DelegatingMethodAccessorImpl.java:43)
at java.lang.reflect.Method.invoke(Method.java:498)
at org.testng.internal.MethodInvocationHelper.invokeMethod(MethodInvocationHelper.java:124)
at org.testng.internal.Invoker.invokeMethod(Invoker.java:583)
at org.testng.internal.Invoker.invokeTestMethod(Invoker.java:719)
at org.testng.internal.Invoker.invokeTestMethods(Invoker.java:989)
at org.testng.internal.TestMethodWorker.invokeTestMethods(TestMethodWorker.java:125)
at org.testng.internal.TestMethodWorker.run(TestMethodWorker.java:109)
at org.testng.TestRunner.privateRun(TestRunner.java:648)
at org.testng.TestRunner.run(TestRunner.java:505)
at org.testng.SuiteRunner.runTest(SuiteRunner.java:455)
at org.testng.SuiteRunner.runSequentially(SuiteRunner.java:450)
at org.testng.SuiteRunner.privateRun(SuiteRunner.java:415)
at org.testng.SuiteRunner.run(SuiteRunner.java:364)
at org.testng.SuiteRunnerWorker.runSuite(SuiteRunnerWorker.java:52)
at org.testng.SuiteRunnerWorker.run(SuiteRunnerWorker.java:84)
at org.testng.TestNG.runSuitesSequentially(TestNG.java:1208)
at org.testng.TestNG.runSuitesLocally(TestNG.java:1137)
at org.testng.TestNG.runSuites(TestNG.java:1049)
at org.testng.TestNG.run(TestNG.java:1017)
at org.apache.maven.surefire.testng.TestNGExecutor.run(TestNGExecutor.java:283)
at org.apache.maven.surefire.testng.TestNGXmlTestSuite.execute(TestNGXmlTestSuite.java:75)
at org.apache.maven.surefire.testng.TestNGProvider.invoke(TestNGProvider.java:120)
at org.apache.maven.surefire.booter.ForkedBooter.invokeProviderInSameClassLoader(ForkedBooter.java:384)
at org.apache.maven.surefire.booter.ForkedBooter.runSuitesInProcess(ForkedBooter.java:345)
at org.apache.maven.surefire.booter.ForkedBooter.execute(ForkedBooter.java:126)
at org.apache.maven.surefire.booter.ForkedBooter.main(ForkedBooter.java:418)
]]>
            </full-stacktrace>
          </exception> <!-- java.lang.AssertionError -->
          <reporter-output>
          </reporter-output>
        </test-method> <!-- exploreNow -->
        <test-method status="PASS" signature="tearDown(org.testng.ITestResult)[pri:0, instance:com.atmecsautomation.testscripts.ExploreNowScripts@9f70c54]" name="tearDown" is-config="true" duration-ms="3867" started-at="2019-10-03T09:48:39Z" finished-at="2019-10-03T09:48:43Z">
          <params>
            <param index="0">
              <value>
                <![CDATA[[TestResult name=exploreNow status=FAILURE method=ExploreNowScripts.exploreNow(java.lang.String, java.lang.String)[pri:1, instance:com.atmecsautomation.testscripts.ExploreNowScripts@9f70c54] output={null}]]]>
              </value>
            </param>
          </params>
          <reporter-output>
          </reporter-output>
        </test-method> <!-- tearDown -->
        <test-method status="PASS" signature="closeDriver()[pri:0, instance:com.atmecsautomation.testscripts.ExploreNowScripts@9f70c54]" name="closeDriver" is-config="true" duration-ms="4273" started-at="2019-10-03T09:48:43Z" finished-at="2019-10-03T09:48:47Z">
          <reporter-output>
          </reporter-output>
        </test-method> <!-- closeDriver -->
      </class> <!-- com.atmecsautomation.testscripts.ExploreNowScripts -->
    </test> <!-- ExploreNowTest -->
    <test name="MoreInfoTest" duration-ms="65174" started-at="2019-10-03T09:48:47Z" finished-at="2019-10-03T09:49:53Z">
      <class name="com.atmecsautomation.testscripts.MoreInfoScripts">
        <test-method status="PASS" signature="startReport()[pri:0, instance:com.atmecsautomation.testscripts.MoreInfoScripts@1efbd816]" name="startReport" is-config="true" duration-ms="249" started-at="2019-10-03T09:48:07Z" finished-at="2019-10-03T09:48:07Z">
          <reporter-output>
          </reporter-output>
        </test-method> <!-- startReport -->
        <test-method status="PASS" signature="intitailizeBrowser()[pri:0, instance:com.atmecsautomation.testscripts.MoreInfoScripts@1efbd816]" name="intitailizeBrowser" is-config="true" duration-ms="15487" started-at="2019-10-03T09:48:47Z" finished-at="2019-10-03T09:49:03Z">
          <reporter-output>
          </reporter-output>
        </test-method> <!-- intitailizeBrowser -->
        <test-method status="PASS" signature="moreInfo(java.lang.String, java.lang.String)[pri:2, instance:com.atmecsautomation.testscripts.MoreInfoScripts@1efbd816]" name="moreInfo" duration-ms="5870" started-at="2019-10-03T09:49:03Z" data-provider="moreinfo" finished-at="2019-10-03T09:49:09Z">
          <params>
            <param index="0">
              <value>
                <![CDATA[Artificial Intelligence/Machine Learing | Leap at the possibilities of AI/ML]]>
              </value>
            </param>
            <param index="1">
              <value>
                <![CDATA[Home › Services › Digital Life › Artificial Intelligence / Machine Learning]]>
              </value>
            </param>
          </params>
          <reporter-output>
          </reporter-output>
        </test-method> <!-- moreInfo -->
        <test-method status="PASS" signature="moreInfo(java.lang.String, java.lang.String)[pri:2, instance:com.atmecsautomation.testscripts.MoreInfoScripts@1efbd816]" name="moreInfo" duration-ms="5448" started-at="2019-10-03T09:49:09Z" data-provider="moreinfo" finished-at="2019-10-03T09:49:14Z">
          <params>
            <param index="0">
              <value>
                <![CDATA[Mixed Reality | We engineer the technology. You achieve the unreal.]]>
              </value>
            </param>
            <param index="1">
              <value>
                <![CDATA[Home › Services › Digital Life › Augmented Reality / Virtual Reality]]>
              </value>
            </param>
          </params>
          <reporter-output>
          </reporter-output>
        </test-method> <!-- moreInfo -->
        <test-method status="PASS" signature="tearDown(org.testng.ITestResult)[pri:0, instance:com.atmecsautomation.testscripts.MoreInfoScripts@1efbd816]" name="tearDown" is-config="true" duration-ms="0" started-at="2019-10-03T09:49:09Z" finished-at="2019-10-03T09:49:09Z">
          <params>
            <param index="0">
              <value>
                <![CDATA[[TestResult name=moreInfo status=SUCCESS method=MoreInfoScripts.moreInfo(java.lang.String, java.lang.String)[pri:2, instance:com.atmecsautomation.testscripts.MoreInfoScripts@1efbd816] output={null}]]]>
              </value>
            </param>
          </params>
          <reporter-output>
          </reporter-output>
        </test-method> <!-- tearDown -->
        <test-method status="PASS" signature="tearDown(org.testng.ITestResult)[pri:0, instance:com.atmecsautomation.testscripts.MoreInfoScripts@1efbd816]" name="tearDown" is-config="true" duration-ms="0" started-at="2019-10-03T09:49:14Z" finished-at="2019-10-03T09:49:14Z">
          <params>
            <param index="0">
              <value>
                <![CDATA[[TestResult name=moreInfo status=SUCCESS method=MoreInfoScripts.moreInfo(java.lang.String, java.lang.String)[pri:2, instance:com.atmecsautomation.testscripts.MoreInfoScripts@1efbd816] output={null}]]]>
              </value>
            </param>
          </params>
          <reporter-output>
          </reporter-output>
        </test-method> <!-- tearDown -->
        <test-method status="PASS" signature="moreInfo(java.lang.String, java.lang.String)[pri:2, instance:com.atmecsautomation.testscripts.MoreInfoScripts@1efbd816]" name="moreInfo" duration-ms="5538" started-at="2019-10-03T09:49:14Z" data-provider="moreinfo" finished-at="2019-10-03T09:49:20Z">
          <params>
            <param index="0">
              <value>
                <![CDATA[Internet of Things | Reform your customer experience with IoT Data]]>
              </value>
            </param>
            <param index="1">
              <value>
                <![CDATA[Home › Services › Digital Life › Internet of Things]]>
              </value>
            </param>
          </params>
          <reporter-output>
          </reporter-output>
        </test-method> <!-- moreInfo -->
        <test-method status="PASS" signature="tearDown(org.testng.ITestResult)[pri:0, instance:com.atmecsautomation.testscripts.MoreInfoScripts@1efbd816]" name="tearDown" is-config="true" duration-ms="1" started-at="2019-10-03T09:49:20Z" finished-at="2019-10-03T09:49:20Z">
          <params>
            <param index="0">
              <value>
                <![CDATA[[TestResult name=moreInfo status=SUCCESS method=MoreInfoScripts.moreInfo(java.lang.String, java.lang.String)[pri:2, instance:com.atmecsautomation.testscripts.MoreInfoScripts@1efbd816] output={null}]]]>
              </value>
            </param>
          </params>
          <reporter-output>
          </reporter-output>
        </test-method> <!-- tearDown -->
        <test-method status="PASS" signature="moreInfo(java.lang.String, java.lang.String)[pri:2, instance:com.atmecsautomation.testscripts.MoreInfoScripts@1efbd816]" name="moreInfo" duration-ms="5633" started-at="2019-10-03T09:49:20Z" data-provider="moreinfo" finished-at="2019-10-03T09:49:26Z">
          <params>
            <param index="0">
              <value>
                <![CDATA[RPA & ChatBOTs | Pave way for digital transformation with RPA]]>
              </value>
            </param>
            <param index="1">
              <value>
                <![CDATA[Home › Services › Digital Life › Robotic Process Automation & ChatBOTs]]>
              </value>
            </param>
          </params>
          <reporter-output>
          </reporter-output>
        </test-method> <!-- moreInfo -->
        <test-method status="PASS" signature="moreInfo(java.lang.String, java.lang.String)[pri:2, instance:com.atmecsautomation.testscripts.MoreInfoScripts@1efbd816]" name="moreInfo" duration-ms="24452" started-at="2019-10-03T09:49:26Z" data-provider="moreinfo" finished-at="2019-10-03T09:49:50Z">
          <params>
            <param index="0">
              <value>
                <![CDATA[Blockchain | ATMECS, Inc.]]>
              </value>
            </param>
            <param index="1">
              <value>
                <![CDATA[Home › Services › Digital Life › Blockchain]]>
              </value>
            </param>
          </params>
          <reporter-output>
          </reporter-output>
        </test-method> <!-- moreInfo -->
        <test-method status="PASS" signature="tearDown(org.testng.ITestResult)[pri:0, instance:com.atmecsautomation.testscripts.MoreInfoScripts@1efbd816]" name="tearDown" is-config="true" duration-ms="0" started-at="2019-10-03T09:49:26Z" finished-at="2019-10-03T09:49:26Z">
          <params>
            <param index="0">
              <value>
                <![CDATA[[TestResult name=moreInfo status=SUCCESS method=MoreInfoScripts.moreInfo(java.lang.String, java.lang.String)[pri:2, instance:com.atmecsautomation.testscripts.MoreInfoScripts@1efbd816] output={null}]]]>
              </value>
            </param>
          </params>
          <reporter-output>
          </reporter-output>
        </test-method> <!-- tearDown -->
        <test-method status="PASS" signature="tearDown(org.testng.ITestResult)[pri:0, instance:com.atmecsautomation.testscripts.MoreInfoScripts@1efbd816]" name="tearDown" is-config="true" duration-ms="1" started-at="2019-10-03T09:49:50Z" finished-at="2019-10-03T09:49:50Z">
          <params>
            <param index="0">
              <value>
                <![CDATA[[TestResult name=moreInfo status=SUCCESS method=MoreInfoScripts.moreInfo(java.lang.String, java.lang.String)[pri:2, instance:com.atmecsautomation.testscripts.MoreInfoScripts@1efbd816] output={null}]]]>
              </value>
            </param>
          </params>
          <reporter-output>
          </reporter-output>
        </test-method> <!-- tearDown -->
        <test-method status="PASS" signature="closeDriver()[pri:0, instance:com.atmecsautomation.testscripts.MoreInfoScripts@1efbd816]" name="closeDriver" is-config="true" duration-ms="2605" started-at="2019-10-03T09:49:50Z" finished-at="2019-10-03T09:49:53Z">
          <reporter-output>
          </reporter-output>
        </test-method> <!-- closeDriver -->
        <test-method status="PASS" signature="endReport()[pri:0, instance:com.atmecsautomation.testscripts.MoreInfoScripts@1efbd816]" name="endReport" is-config="true" duration-ms="463" started-at="2019-10-03T09:49:53Z" finished-at="2019-10-03T09:49:53Z">
          <reporter-output>
          </reporter-output>
        </test-method> <!-- endReport -->
      </class> <!-- com.atmecsautomation.testscripts.MoreInfoScripts -->
    </test> <!-- MoreInfoTest -->
  </suite> <!-- Suite -->
</testng-results>
